[2023-05-22 01:04:21Z INFO HostContext] No proxy settings were found based on environmental variables (http_proxy/https_proxy/HTTP_PROXY/HTTPS_PROXY)
[2023-05-22 01:04:21Z INFO HostContext] Well known directory 'Bin': '/home/saad/git/bytevision/githubactions-runner/bin'
[2023-05-22 01:04:21Z INFO HostContext] Well known directory 'Root': '/home/saad/git/bytevision/githubactions-runner'
[2023-05-22 01:04:21Z INFO HostContext] Well known config file 'Credentials': '/home/saad/git/bytevision/githubactions-runner/.credentials'
[2023-05-22 01:04:21Z INFO HostContext] Well known directory 'Bin': '/home/saad/git/bytevision/githubactions-runner/bin'
[2023-05-22 01:04:21Z INFO HostContext] Well known directory 'Root': '/home/saad/git/bytevision/githubactions-runner'
[2023-05-22 01:04:21Z INFO HostContext] Well known config file 'Runner': '/home/saad/git/bytevision/githubactions-runner/.runner'
[2023-05-22 01:04:21Z INFO Listener] Runner is built for Linux (X64) - linux-x64.
[2023-05-22 01:04:21Z INFO Listener] RuntimeInformation: Linux 5.10.0-9-amd64 #1 SMP Debian 5.10.70-1 (2021-09-30).
[2023-05-22 01:04:22Z INFO Listener] Version: 2.304.0
[2023-05-22 01:04:22Z INFO Listener] Commit: 9ef4121b5b31ee5c03b7770288213d741081f747
[2023-05-22 01:04:22Z INFO Listener] Culture: en-US
[2023-05-22 01:04:22Z INFO Listener] UI Culture: en-US
[2023-05-22 01:04:22Z INFO HostContext] Well known directory 'Bin': '/home/saad/git/bytevision/githubactions-runner/bin'
[2023-05-22 01:04:22Z INFO HostContext] Well known directory 'Root': '/home/saad/git/bytevision/githubactions-runner'
[2023-05-22 01:04:22Z INFO Listener] Validating directory permissions for: '/home/saad/git/bytevision/githubactions-runner'
[2023-05-22 01:04:22Z INFO CommandLineParser] Parse
[2023-05-22 01:04:22Z INFO CommandLineParser] Parsing 1 args
[2023-05-22 01:04:22Z INFO CommandLineParser] parsing argument
[2023-05-22 01:04:22Z INFO CommandLineParser] HasArgs: False
[2023-05-22 01:04:22Z INFO CommandLineParser] Adding Command: run
[2023-05-22 01:04:22Z INFO Listener] Arguments parsed
[2023-05-22 01:04:22Z INFO Runner] ExecuteCommand
[2023-05-22 01:04:22Z INFO ConfigurationStore] currentAssemblyLocation: /home/saad/git/bytevision/githubactions-runner/bin/Runner.Listener.dll
[2023-05-22 01:04:22Z INFO HostContext] Well known directory 'Bin': '/home/saad/git/bytevision/githubactions-runner/bin'
[2023-05-22 01:04:22Z INFO ConfigurationStore] binPath: /home/saad/git/bytevision/githubactions-runner/bin
[2023-05-22 01:04:22Z INFO HostContext] Well known directory 'Bin': '/home/saad/git/bytevision/githubactions-runner/bin'
[2023-05-22 01:04:22Z INFO HostContext] Well known directory 'Root': '/home/saad/git/bytevision/githubactions-runner'
[2023-05-22 01:04:22Z INFO ConfigurationStore] RootFolder: /home/saad/git/bytevision/githubactions-runner
[2023-05-22 01:04:22Z INFO HostContext] Well known directory 'Bin': '/home/saad/git/bytevision/githubactions-runner/bin'
[2023-05-22 01:04:22Z INFO HostContext] Well known directory 'Root': '/home/saad/git/bytevision/githubactions-runner'
[2023-05-22 01:04:22Z INFO HostContext] Well known config file 'Runner': '/home/saad/git/bytevision/githubactions-runner/.runner'
[2023-05-22 01:04:22Z INFO ConfigurationStore] ConfigFilePath: /home/saad/git/bytevision/githubactions-runner/.runner
[2023-05-22 01:04:22Z INFO HostContext] Well known directory 'Bin': '/home/saad/git/bytevision/githubactions-runner/bin'
[2023-05-22 01:04:22Z INFO HostContext] Well known directory 'Root': '/home/saad/git/bytevision/githubactions-runner'
[2023-05-22 01:04:22Z INFO HostContext] Well known config file 'Credentials': '/home/saad/git/bytevision/githubactions-runner/.credentials'
[2023-05-22 01:04:22Z INFO ConfigurationStore] CredFilePath: /home/saad/git/bytevision/githubactions-runner/.credentials
[2023-05-22 01:04:22Z INFO HostContext] Well known directory 'Bin': '/home/saad/git/bytevision/githubactions-runner/bin'
[2023-05-22 01:04:22Z INFO HostContext] Well known directory 'Root': '/home/saad/git/bytevision/githubactions-runner'
[2023-05-22 01:04:22Z INFO HostContext] Well known config file 'MigratedCredentials': '/home/saad/git/bytevision/githubactions-runner/.credentials_migrated'
[2023-05-22 01:04:22Z INFO ConfigurationStore] MigratedCredFilePath: /home/saad/git/bytevision/githubactions-runner/.credentials_migrated
[2023-05-22 01:04:22Z INFO HostContext] Well known directory 'Bin': '/home/saad/git/bytevision/githubactions-runner/bin'
[2023-05-22 01:04:22Z INFO HostContext] Well known directory 'Root': '/home/saad/git/bytevision/githubactions-runner'
[2023-05-22 01:04:22Z INFO HostContext] Well known config file 'Service': '/home/saad/git/bytevision/githubactions-runner/.service'
[2023-05-22 01:04:22Z INFO ConfigurationStore] ServiceConfigFilePath: /home/saad/git/bytevision/githubactions-runner/.service
[2023-05-22 01:04:22Z INFO CommandSettings] Flag 'help': 'False'
[2023-05-22 01:04:22Z INFO CommandSettings] Flag 'version': 'False'
[2023-05-22 01:04:22Z INFO CommandSettings] Flag 'commit': 'False'
[2023-05-22 01:04:22Z INFO CommandSettings] Flag 'check': 'False'
[2023-05-22 01:04:22Z INFO CommandSettings] Command 'configure': 'False'
[2023-05-22 01:04:22Z INFO CommandSettings] Command 'remove': 'False'
[2023-05-22 01:04:22Z INFO CommandSettings] Command 'warmup': 'False'
[2023-05-22 01:04:22Z INFO ConfigurationManager] LoadSettings
[2023-05-22 01:04:22Z INFO ConfigurationStore] IsConfigured()
[2023-05-22 01:04:22Z INFO ConfigurationStore] IsConfigured: True
[2023-05-22 01:04:22Z INFO ConfigurationManager] Is configured: True
[2023-05-22 01:04:22Z INFO ConfigurationStore] Read setting file: 281 chars
[2023-05-22 01:04:22Z INFO ConfigurationManager] Settings Loaded
[2023-05-22 01:04:22Z INFO ConfigurationStore] IsServiceConfigured()
[2023-05-22 01:04:22Z INFO ConfigurationStore] IsServiceConfigured: False
[2023-05-22 01:04:22Z INFO CommandSettings] Command 'run': 'True'
[2023-05-22 01:04:22Z INFO ConfigurationStore] IsConfigured()
[2023-05-22 01:04:22Z INFO ConfigurationStore] IsConfigured: True
[2023-05-22 01:04:22Z INFO ConfigurationManager] Is configured: True
[2023-05-22 01:04:22Z INFO Runner] Could not parse the argument value '' for StartupType. Defaulting to Manual
[2023-05-22 01:04:22Z INFO Runner] Set runner startup type - Manual
[2023-05-22 01:04:22Z INFO CommandSettings] Flag 'once': 'False'
[2023-05-22 01:04:22Z INFO CommandSettings] Flag 'once': 'False'
[2023-05-22 01:04:22Z INFO Runner] RunAsync
[2023-05-22 01:04:22Z INFO ConfigurationManager] LoadSettings
[2023-05-22 01:04:22Z INFO ConfigurationStore] IsConfigured()
[2023-05-22 01:04:22Z INFO ConfigurationStore] IsConfigured: True
[2023-05-22 01:04:22Z INFO ConfigurationManager] Is configured: True
[2023-05-22 01:04:22Z INFO ConfigurationManager] Settings Loaded
[2023-05-22 01:04:22Z INFO MessageListener] {
  "AgentId": 2,
  "AgentName": "gensosekai",
  "PoolId": 1,
  "PoolName": "Default",
  "ServerUrl": "https://pipelines.actions.githubusercontent.com/qVb8z3XvXyehsM4ndlAxQtVmS71JFLCKsjaMrhOAA1wKoy4DVO",
  "GitHubUrl": "https://github.com/conveyervision",
  "WorkFolder": "_work"
}
[2023-05-22 01:04:22Z INFO MessageListener] Loading Credentials
[2023-05-22 01:04:22Z INFO ConfigurationStore] HasCredentials()
[2023-05-22 01:04:22Z INFO ConfigurationStore] stored True
[2023-05-22 01:04:22Z INFO CredentialManager] GetCredentialProvider
[2023-05-22 01:04:22Z INFO CredentialManager] Creating type OAuth
[2023-05-22 01:04:22Z INFO CredentialManager] Creating credential type: OAuth
[2023-05-22 01:04:22Z INFO HostContext] Well known directory 'Bin': '/home/saad/git/bytevision/githubactions-runner/bin'
[2023-05-22 01:04:22Z INFO HostContext] Well known directory 'Root': '/home/saad/git/bytevision/githubactions-runner'
[2023-05-22 01:04:22Z INFO HostContext] Well known config file 'RSACredentials': '/home/saad/git/bytevision/githubactions-runner/.credentials_rsaparams'
[2023-05-22 01:04:22Z INFO RSAFileKeyManager] Loading RSA key parameters from file /home/saad/git/bytevision/githubactions-runner/.credentials_rsaparams
[2023-05-22 01:04:22Z INFO MessageListener] Attempt to create session.
[2023-05-22 01:04:22Z INFO MessageListener] Connecting to the Runner Server...
[2023-05-22 01:04:22Z INFO RunnerServer] EstablishVssConnection
[2023-05-22 01:04:22Z INFO RunnerServer] Establish connection with 100 seconds timeout.
[2023-05-22 01:04:22Z INFO GitHubActionsService] Starting operation Location.GetConnectionData
[2023-05-22 01:04:22Z INFO RunnerServer] EstablishVssConnection
[2023-05-22 01:04:22Z INFO RunnerServer] Establish connection with 60 seconds timeout.
[2023-05-22 01:04:22Z INFO GitHubActionsService] Starting operation Location.GetConnectionData
[2023-05-22 01:04:22Z INFO RunnerServer] EstablishVssConnection
[2023-05-22 01:04:22Z INFO RunnerServer] Establish connection with 60 seconds timeout.
[2023-05-22 01:04:22Z INFO GitHubActionsService] Starting operation Location.GetConnectionData
[2023-05-22 01:04:22Z INFO GitHubActionsService] Finished operation Location.GetConnectionData
[2023-05-22 01:04:22Z INFO GitHubActionsService] Finished operation Location.GetConnectionData
[2023-05-22 01:04:22Z INFO GitHubActionsService] Finished operation Location.GetConnectionData
[2023-05-22 01:04:23Z INFO MessageListener] VssConnection created
[2023-05-22 01:04:23Z INFO Terminal] WRITE LINE: 
[2023-05-22 01:04:23Z INFO Terminal] WRITE LINE: 
[2023-05-22 01:04:23Z INFO RSAFileKeyManager] Loading RSA key parameters from file /home/saad/git/bytevision/githubactions-runner/.credentials_rsaparams
[2023-05-22 01:04:23Z INFO RSAFileKeyManager] Loading RSA key parameters from file /home/saad/git/bytevision/githubactions-runner/.credentials_rsaparams
[2023-05-22 01:04:23Z INFO GitHubActionsService] AAD Correlation ID for this token request: Unknown
[2023-05-22 01:04:23Z INFO MessageListener] Session created.
[2023-05-22 01:04:23Z INFO Terminal] WRITE LINE: Current runner version: '2.304.0'
[2023-05-22 01:04:23Z INFO Terminal] WRITE LINE: 2023-05-22 01:04:23Z: Listening for Jobs
[2023-05-22 01:04:23Z INFO JobDispatcher] Set runner/worker IPC timeout to 30 seconds.
