[2023-05-22 00:56:22Z INFO HostContext] No proxy settings were found based on environmental variables (http_proxy/https_proxy/HTTP_PROXY/HTTPS_PROXY)
[2023-05-22 00:56:22Z INFO HostContext] Well known directory 'Bin': '/home/saad/git/bytevision/githubactions-runner/bin'
[2023-05-22 00:56:22Z INFO HostContext] Well known directory 'Root': '/home/saad/git/bytevision/githubactions-runner'
[2023-05-22 00:56:22Z INFO HostContext] Well known config file 'Credentials': '/home/saad/git/bytevision/githubactions-runner/.credentials'
[2023-05-22 00:56:22Z INFO HostContext] Well known directory 'Bin': '/home/saad/git/bytevision/githubactions-runner/bin'
[2023-05-22 00:56:22Z INFO HostContext] Well known directory 'Root': '/home/saad/git/bytevision/githubactions-runner'
[2023-05-22 00:56:22Z INFO HostContext] Well known config file 'Runner': '/home/saad/git/bytevision/githubactions-runner/.runner'
[2023-05-22 00:56:22Z INFO Listener] Runner is built for Linux (X64) - linux-x64.
[2023-05-22 00:56:22Z INFO Listener] RuntimeInformation: Linux 5.10.0-9-amd64 #1 SMP Debian 5.10.70-1 (2021-09-30).
[2023-05-22 00:56:22Z INFO Listener] Version: 2.304.0
[2023-05-22 00:56:22Z INFO Listener] Commit: 9ef4121b5b31ee5c03b7770288213d741081f747
[2023-05-22 00:56:22Z INFO Listener] Culture: en-US
[2023-05-22 00:56:22Z INFO Listener] UI Culture: en-US
[2023-05-22 00:56:22Z INFO HostContext] Well known directory 'Bin': '/home/saad/git/bytevision/githubactions-runner/bin'
[2023-05-22 00:56:22Z INFO HostContext] Well known directory 'Root': '/home/saad/git/bytevision/githubactions-runner'
[2023-05-22 00:56:22Z INFO Listener] Validating directory permissions for: '/home/saad/git/bytevision/githubactions-runner'
[2023-05-22 00:56:22Z INFO CommandLineParser] Parse
[2023-05-22 00:56:22Z INFO CommandLineParser] Parsing 5 args
[2023-05-22 00:56:22Z INFO CommandLineParser] parsing argument
[2023-05-22 00:56:22Z INFO CommandLineParser] HasArgs: False
[2023-05-22 00:56:22Z INFO CommandLineParser] Adding Command: configure
[2023-05-22 00:56:22Z INFO CommandLineParser] parsing argument
[2023-05-22 00:56:22Z INFO CommandLineParser] HasArgs: True
[2023-05-22 00:56:22Z INFO CommandLineParser] arg: url
[2023-05-22 00:56:22Z INFO CommandLineParser] parsing argument
[2023-05-22 00:56:22Z INFO CommandLineParser] HasArgs: True
[2023-05-22 00:56:22Z INFO CommandLineParser] Adding option 'url': 'https://github.com/conveyervision'
[2023-05-22 00:56:22Z INFO CommandLineParser] parsing argument
[2023-05-22 00:56:22Z INFO CommandLineParser] HasArgs: True
[2023-05-22 00:56:22Z INFO CommandLineParser] arg: token
[2023-05-22 00:56:22Z INFO CommandLineParser] parsing argument
[2023-05-22 00:56:22Z INFO CommandLineParser] HasArgs: True
[2023-05-22 00:56:22Z INFO CommandLineParser] Adding option 'token': '***'
[2023-05-22 00:56:22Z INFO Listener] Arguments parsed
[2023-05-22 00:56:22Z INFO Runner] ExecuteCommand
[2023-05-22 00:56:22Z INFO ConfigurationStore] currentAssemblyLocation: /home/saad/git/bytevision/githubactions-runner/bin/Runner.Listener.dll
[2023-05-22 00:56:22Z INFO HostContext] Well known directory 'Bin': '/home/saad/git/bytevision/githubactions-runner/bin'
[2023-05-22 00:56:22Z INFO ConfigurationStore] binPath: /home/saad/git/bytevision/githubactions-runner/bin
[2023-05-22 00:56:22Z INFO HostContext] Well known directory 'Bin': '/home/saad/git/bytevision/githubactions-runner/bin'
[2023-05-22 00:56:22Z INFO HostContext] Well known directory 'Root': '/home/saad/git/bytevision/githubactions-runner'
[2023-05-22 00:56:22Z INFO ConfigurationStore] RootFolder: /home/saad/git/bytevision/githubactions-runner
[2023-05-22 00:56:22Z INFO HostContext] Well known directory 'Bin': '/home/saad/git/bytevision/githubactions-runner/bin'
[2023-05-22 00:56:22Z INFO HostContext] Well known directory 'Root': '/home/saad/git/bytevision/githubactions-runner'
[2023-05-22 00:56:22Z INFO HostContext] Well known config file 'Runner': '/home/saad/git/bytevision/githubactions-runner/.runner'
[2023-05-22 00:56:22Z INFO ConfigurationStore] ConfigFilePath: /home/saad/git/bytevision/githubactions-runner/.runner
[2023-05-22 00:56:22Z INFO HostContext] Well known directory 'Bin': '/home/saad/git/bytevision/githubactions-runner/bin'
[2023-05-22 00:56:22Z INFO HostContext] Well known directory 'Root': '/home/saad/git/bytevision/githubactions-runner'
[2023-05-22 00:56:22Z INFO HostContext] Well known config file 'Credentials': '/home/saad/git/bytevision/githubactions-runner/.credentials'
[2023-05-22 00:56:22Z INFO ConfigurationStore] CredFilePath: /home/saad/git/bytevision/githubactions-runner/.credentials
[2023-05-22 00:56:22Z INFO HostContext] Well known directory 'Bin': '/home/saad/git/bytevision/githubactions-runner/bin'
[2023-05-22 00:56:22Z INFO HostContext] Well known directory 'Root': '/home/saad/git/bytevision/githubactions-runner'
[2023-05-22 00:56:22Z INFO HostContext] Well known config file 'MigratedCredentials': '/home/saad/git/bytevision/githubactions-runner/.credentials_migrated'
[2023-05-22 00:56:22Z INFO ConfigurationStore] MigratedCredFilePath: /home/saad/git/bytevision/githubactions-runner/.credentials_migrated
[2023-05-22 00:56:22Z INFO HostContext] Well known directory 'Bin': '/home/saad/git/bytevision/githubactions-runner/bin'
[2023-05-22 00:56:22Z INFO HostContext] Well known directory 'Root': '/home/saad/git/bytevision/githubactions-runner'
[2023-05-22 00:56:22Z INFO HostContext] Well known config file 'Service': '/home/saad/git/bytevision/githubactions-runner/.service'
[2023-05-22 00:56:22Z INFO ConfigurationStore] ServiceConfigFilePath: /home/saad/git/bytevision/githubactions-runner/.service
[2023-05-22 00:56:22Z INFO CommandSettings] Flag 'help': 'False'
[2023-05-22 00:56:22Z INFO CommandSettings] Flag 'version': 'False'
[2023-05-22 00:56:22Z INFO CommandSettings] Flag 'commit': 'False'
[2023-05-22 00:56:22Z INFO CommandSettings] Flag 'check': 'False'
[2023-05-22 00:56:22Z INFO CommandSettings] Command 'configure': 'True'
[2023-05-22 00:56:22Z INFO Terminal] WRITE LINE: 
[2023-05-22 00:56:22Z INFO Terminal] WRITE LINE: --------------------------------------------------------------------------------
[2023-05-22 00:56:22Z INFO Terminal] WRITE LINE: |        ____ _ _   _   _       _          _        _   _                      |
[2023-05-22 00:56:22Z INFO Terminal] WRITE LINE: |       / ___(_) |_| | | |_   _| |__      / \   ___| |_(_) ___  _ __  ___      |
[2023-05-22 00:56:22Z INFO Terminal] WRITE LINE: |      | |  _| | __| |_| | | | | '_ \    / _ \ / __| __| |/ _ \| '_ \/ __|     |
[2023-05-22 00:56:22Z INFO Terminal] WRITE LINE: |      | |_| | | |_|  _  | |_| | |_) |  / ___ \ (__| |_| | (_) | | | \__ \     |
[2023-05-22 00:56:22Z INFO Terminal] WRITE LINE: |       \____|_|\__|_| |_|\__,_|_.__/  /_/   \_\___|\__|_|\___/|_| |_|___/     |
[2023-05-22 00:56:22Z INFO Terminal] WRITE LINE: |                                                                              |
[2023-05-22 00:56:22Z INFO Terminal] WRITE: |                       
[2023-05-22 00:56:22Z INFO Terminal] WRITE: Self-hosted runner registration
[2023-05-22 00:56:22Z INFO Terminal] WRITE LINE:                         |
[2023-05-22 00:56:22Z INFO Terminal] WRITE LINE: |                                                                              |
[2023-05-22 00:56:22Z INFO Terminal] WRITE LINE: --------------------------------------------------------------------------------
[2023-05-22 00:56:22Z INFO ConfigurationManager] ConfigureAsync
[2023-05-22 00:56:22Z INFO CommandSettings] Flag 'generateServiceConfig': 'False'
[2023-05-22 00:56:22Z INFO ConfigurationStore] IsConfigured()
[2023-05-22 00:56:22Z INFO ConfigurationStore] IsConfigured: False
[2023-05-22 00:56:22Z INFO ConfigurationManager] Is configured: False
[2023-05-22 00:56:22Z INFO CommandSettings] Arg 'url': 'https://github.com/conveyervision'
[2023-05-22 00:56:22Z INFO CommandSettings] Remove url from Arg dictionary.
[2023-05-22 00:56:22Z INFO CommandSettings] Arg 'token': '***'
[2023-05-22 00:56:22Z INFO CommandSettings] Remove token from Arg dictionary.
[2023-05-22 00:56:23Z INFO ConfigurationManager] Http response code: OK from 'POST https://api.github.com/actions/runner-registration' (D2BA:27F0:658F79:D1CA9C:646ABDB6)
[2023-05-22 00:56:23Z INFO Terminal] WRITE LINE: Using V2 flow: False
[2023-05-22 00:56:23Z INFO ConfigurationManager] cred retrieved via GitHub auth
[2023-05-22 00:56:23Z INFO RunnerServer] EstablishVssConnection
[2023-05-22 00:56:23Z INFO RunnerServer] Establish connection with 100 seconds timeout.
[2023-05-22 00:56:23Z INFO GitHubActionsService] Starting operation Location.GetConnectionData
[2023-05-22 00:56:23Z INFO RunnerServer] EstablishVssConnection
[2023-05-22 00:56:23Z INFO RunnerServer] Establish connection with 60 seconds timeout.
[2023-05-22 00:56:23Z INFO GitHubActionsService] Starting operation Location.GetConnectionData
[2023-05-22 00:56:23Z INFO RunnerServer] EstablishVssConnection
[2023-05-22 00:56:23Z INFO RunnerServer] Establish connection with 60 seconds timeout.
[2023-05-22 00:56:23Z INFO GitHubActionsService] Starting operation Location.GetConnectionData
[2023-05-22 00:56:23Z INFO GitHubActionsService] Finished operation Location.GetConnectionData
[2023-05-22 00:56:23Z INFO GitHubActionsService] Finished operation Location.GetConnectionData
[2023-05-22 00:56:23Z INFO GitHubActionsService] Finished operation Location.GetConnectionData
[2023-05-22 00:56:24Z INFO Terminal] WRITE LINE: 
[2023-05-22 00:56:24Z INFO ConfigurationManager] Test Connection complete.
[2023-05-22 00:56:24Z INFO HostContext] Well known directory 'Bin': '/home/saad/git/bytevision/githubactions-runner/bin'
[2023-05-22 00:56:24Z INFO HostContext] Well known directory 'Root': '/home/saad/git/bytevision/githubactions-runner'
[2023-05-22 00:56:24Z INFO HostContext] Well known config file 'RSACredentials': '/home/saad/git/bytevision/githubactions-runner/.credentials_rsaparams'
[2023-05-22 00:56:24Z INFO RSAFileKeyManager] Creating new RSA key using 2048-bit key length
[2023-05-22 00:56:24Z INFO RSAFileKeyManager] Successfully saved RSA key parameters to file /home/saad/git/bytevision/githubactions-runner/.credentials_rsaparams
[2023-05-22 00:56:24Z INFO RSAFileKeyManager] Which: 'chmod'
[2023-05-22 00:56:24Z INFO RSAFileKeyManager] Location: '/usr/bin/chmod'
[2023-05-22 00:56:24Z INFO HostContext] Well known directory 'Bin': '/home/saad/git/bytevision/githubactions-runner/bin'
[2023-05-22 00:56:24Z INFO HostContext] Well known directory 'Root': '/home/saad/git/bytevision/githubactions-runner'
[2023-05-22 00:56:24Z INFO ProcessInvokerWrapper] Starting process:
[2023-05-22 00:56:24Z INFO ProcessInvokerWrapper]   File name: '/usr/bin/chmod'
[2023-05-22 00:56:24Z INFO ProcessInvokerWrapper]   Arguments: '600 /home/saad/git/bytevision/githubactions-runner/.credentials_rsaparams'
[2023-05-22 00:56:24Z INFO ProcessInvokerWrapper]   Working directory: '/home/saad/git/bytevision/githubactions-runner'
[2023-05-22 00:56:24Z INFO ProcessInvokerWrapper]   Require exit code zero: 'False'
[2023-05-22 00:56:24Z INFO ProcessInvokerWrapper]   Encoding web name:  ; code page: ''
[2023-05-22 00:56:24Z INFO ProcessInvokerWrapper]   Force kill process on cancellation: 'False'
[2023-05-22 00:56:24Z INFO ProcessInvokerWrapper]   Redirected STDIN: 'False'
[2023-05-22 00:56:24Z INFO ProcessInvokerWrapper]   Persist current code page: 'False'
[2023-05-22 00:56:24Z INFO ProcessInvokerWrapper]   Keep redirected STDIN open: 'False'
[2023-05-22 00:56:24Z INFO ProcessInvokerWrapper]   High priority process: 'False'
[2023-05-22 00:56:24Z INFO ProcessInvokerWrapper] Process started with process id 103110, waiting for process exit.
[2023-05-22 00:56:24Z INFO ProcessInvokerWrapper] STDOUT/STDERR stream read finished.
[2023-05-22 00:56:24Z INFO ProcessInvokerWrapper] STDOUT/STDERR stream read finished.
[2023-05-22 00:56:24Z INFO ProcessInvokerWrapper] Finished process 103110 with exit code 0, and elapsed time 00:00:00.0127885.
[2023-05-22 00:56:24Z INFO RSAFileKeyManager] Successfully set permissions for RSA key parameters file /home/saad/git/bytevision/githubactions-runner/.credentials_rsaparams
[2023-05-22 00:56:24Z INFO CommandSettings] Arg 'runnergroup': ''
[2023-05-22 00:56:24Z INFO CommandSettings] Flag 'unattended': 'False'
[2023-05-22 00:56:24Z INFO PromptManager] ReadValue
[2023-05-22 00:56:24Z INFO Terminal] WRITE: Enter the name of the runner group to add this runner to: 
[2023-05-22 00:56:24Z INFO Terminal] WRITE: [press Enter for Default] 
[2023-05-22 00:56:24Z INFO Terminal] READ LINE
[2023-05-22 00:56:29Z INFO Terminal] Read value: ''
[2023-05-22 00:56:29Z INFO PromptManager] Falling back to the default: 'Default'
[2023-05-22 00:56:29Z INFO Terminal] WRITE LINE: 
[2023-05-22 00:56:29Z INFO ConfigurationManager] Found a self-hosted runner group with id 1 and name Default
[2023-05-22 00:56:29Z INFO CommandSettings] Flag 'disableupdate': 'False'
[2023-05-22 00:56:29Z INFO CommandSettings] Flag 'ephemeral': 'False'
[2023-05-22 00:56:29Z INFO CommandSettings] Arg 'name': ''
[2023-05-22 00:56:29Z INFO CommandSettings] Flag 'unattended': 'False'
[2023-05-22 00:56:29Z INFO PromptManager] ReadValue
[2023-05-22 00:56:29Z INFO Terminal] WRITE: Enter the name of runner: 
[2023-05-22 00:56:29Z INFO Terminal] WRITE: [press Enter for gensosekai] 
[2023-05-22 00:56:29Z INFO Terminal] READ LINE
[2023-05-22 00:56:33Z INFO Terminal] Read value: ''
[2023-05-22 00:56:33Z INFO PromptManager] Falling back to the default: 'gensosekai'
[2023-05-22 00:56:33Z INFO Terminal] WRITE LINE: 
[2023-05-22 00:56:33Z INFO CommandSettings] Arg 'labels': ''
[2023-05-22 00:56:33Z INFO CommandSettings] Flag 'unattended': 'False'
[2023-05-22 00:56:33Z INFO PromptManager] ReadValue
[2023-05-22 00:56:33Z INFO Terminal] WRITE: This runner will have the following labels: 'self-hosted', 'Linux', 'X64' 
Enter any additional labels (ex. label-1,label-2): 
[2023-05-22 00:56:33Z INFO Terminal] WRITE: [press Enter to skip] 
[2023-05-22 00:56:33Z INFO Terminal] READ LINE
[2023-05-22 00:56:39Z INFO Terminal] Read value: ''
[2023-05-22 00:56:39Z INFO Terminal] WRITE LINE: 
[2023-05-22 00:56:39Z INFO CommandSettings] Flag 'disableupdate': 'False'
[2023-05-22 00:56:39Z INFO CommandSettings] Flag 'disableupdate': 'False'
[2023-05-22 00:56:39Z INFO CommandSettings] Flag 'ephemeral': 'False'
[2023-05-22 00:56:39Z INFO ConfigurationStore] Saving OAuth credential @ /home/saad/git/bytevision/githubactions-runner/.credentials
[2023-05-22 00:56:39Z INFO ConfigurationStore] Credentials Saved.
[2023-05-22 00:56:39Z INFO ConfigurationStore] HasCredentials()
[2023-05-22 00:56:39Z INFO ConfigurationStore] stored True
[2023-05-22 00:56:39Z INFO CredentialManager] GetCredentialProvider
[2023-05-22 00:56:39Z INFO CredentialManager] Creating type OAuth
[2023-05-22 00:56:39Z INFO CredentialManager] Creating credential type: OAuth
[2023-05-22 00:56:39Z INFO RSAFileKeyManager] Loading RSA key parameters from file /home/saad/git/bytevision/githubactions-runner/.credentials_rsaparams
[2023-05-22 00:56:39Z INFO RunnerServer] EstablishVssConnection
[2023-05-22 00:56:39Z INFO RunnerServer] Establish connection with 100 seconds timeout.
[2023-05-22 00:56:39Z INFO GitHubActionsService] Starting operation Location.GetConnectionData
[2023-05-22 00:56:39Z INFO RunnerServer] EstablishVssConnection
[2023-05-22 00:56:39Z INFO RunnerServer] Establish connection with 60 seconds timeout.
[2023-05-22 00:56:39Z INFO GitHubActionsService] Starting operation Location.GetConnectionData
[2023-05-22 00:56:39Z INFO RunnerServer] EstablishVssConnection
[2023-05-22 00:56:39Z INFO RunnerServer] Establish connection with 60 seconds timeout.
[2023-05-22 00:56:39Z INFO GitHubActionsService] Starting operation Location.GetConnectionData
[2023-05-22 00:56:39Z INFO GitHubActionsService] Finished operation Location.GetConnectionData
[2023-05-22 00:56:39Z INFO GitHubActionsService] Finished operation Location.GetConnectionData
[2023-05-22 00:56:40Z INFO GitHubActionsService] Finished operation Location.GetConnectionData
[2023-05-22 00:56:40Z INFO RSAFileKeyManager] Loading RSA key parameters from file /home/saad/git/bytevision/githubactions-runner/.credentials_rsaparams
[2023-05-22 00:56:40Z INFO RSAFileKeyManager] Loading RSA key parameters from file /home/saad/git/bytevision/githubactions-runner/.credentials_rsaparams
[2023-05-22 00:56:40Z INFO GitHubActionsService] AAD Correlation ID for this token request: Unknown
[2023-05-22 00:56:40Z INFO CommandSettings] Arg 'work': ''
[2023-05-22 00:56:40Z INFO CommandSettings] Flag 'unattended': 'False'
[2023-05-22 00:56:40Z INFO PromptManager] ReadValue
[2023-05-22 00:56:40Z INFO Terminal] WRITE: Enter name of work folder: 
[2023-05-22 00:56:40Z INFO Terminal] WRITE: [press Enter for _work] 
[2023-05-22 00:56:40Z INFO Terminal] READ LINE
[2023-05-22 00:56:47Z INFO Terminal] Read value: ''
[2023-05-22 00:56:47Z INFO PromptManager] Falling back to the default: '_work'
[2023-05-22 00:56:47Z INFO ConfigurationStore] Saving runner settings.
[2023-05-22 00:56:47Z INFO ConfigurationStore] Settings Saved.
[2023-05-22 00:56:47Z INFO Terminal] WRITE LINE: 
[2023-05-22 00:56:47Z INFO Terminal] WRITE LINE: 
[2023-05-22 00:56:47Z INFO SystemDControlManager] Service name 'actions.runner.conveyervision.gensosekai.service' display name 'GitHub Actions Runner (conveyervision.gensosekai)' will be used for service configuration.
[2023-05-22 00:56:47Z INFO HostContext] Well known directory 'Bin': '/home/saad/git/bytevision/githubactions-runner/bin'
[2023-05-22 00:56:47Z INFO HostContext] Well known directory 'Root': '/home/saad/git/bytevision/githubactions-runner'
[2023-05-22 00:56:47Z INFO HostContext] Well known directory 'Bin': '/home/saad/git/bytevision/githubactions-runner/bin'
[2023-05-22 00:56:47Z INFO HostContext] Well known directory 'Bin': '/home/saad/git/bytevision/githubactions-runner/bin'
[2023-05-22 00:56:47Z INFO HostContext] Well known directory 'Root': '/home/saad/git/bytevision/githubactions-runner'
[2023-05-22 00:56:47Z INFO UnixUtil] Which: 'chmod'
[2023-05-22 00:56:47Z INFO UnixUtil] Location: '/usr/bin/chmod'
[2023-05-22 00:56:47Z INFO UnixUtil] Running /usr/bin/chmod 755 "/home/saad/git/bytevision/githubactions-runner/svc.sh"
[2023-05-22 00:56:47Z INFO ProcessInvokerWrapper] Starting process:
[2023-05-22 00:56:47Z INFO ProcessInvokerWrapper]   File name: '/usr/bin/chmod'
[2023-05-22 00:56:47Z INFO ProcessInvokerWrapper]   Arguments: '755 "/home/saad/git/bytevision/githubactions-runner/svc.sh"'
[2023-05-22 00:56:47Z INFO ProcessInvokerWrapper]   Working directory: '/home/saad/git/bytevision/githubactions-runner'
[2023-05-22 00:56:47Z INFO ProcessInvokerWrapper]   Require exit code zero: 'True'
[2023-05-22 00:56:47Z INFO ProcessInvokerWrapper]   Encoding web name:  ; code page: ''
[2023-05-22 00:56:47Z INFO ProcessInvokerWrapper]   Force kill process on cancellation: 'False'
[2023-05-22 00:56:47Z INFO ProcessInvokerWrapper]   Redirected STDIN: 'False'
[2023-05-22 00:56:47Z INFO ProcessInvokerWrapper]   Persist current code page: 'False'
[2023-05-22 00:56:47Z INFO ProcessInvokerWrapper]   Keep redirected STDIN open: 'False'
[2023-05-22 00:56:47Z INFO ProcessInvokerWrapper]   High priority process: 'False'
[2023-05-22 00:56:47Z INFO ProcessInvokerWrapper] Updated oom_score_adj to 500 for PID: 103241.
[2023-05-22 00:56:47Z INFO ProcessInvokerWrapper] Process started with process id 103241, waiting for process exit.
[2023-05-22 00:56:47Z INFO ProcessInvokerWrapper] STDOUT/STDERR stream read finished.
[2023-05-22 00:56:47Z INFO ProcessInvokerWrapper] STDOUT/STDERR stream read finished.
[2023-05-22 00:56:47Z INFO ProcessInvokerWrapper] Finished process 103241 with exit code 0, and elapsed time 00:00:00.0016949.
[2023-05-22 00:56:47Z INFO Listener] Runner execution has finished with return code 0
