[2023-05-22 01:06:04Z INFO HostContext] No proxy settings were found based on environmental variables (http_proxy/https_proxy/HTTP_PROXY/HTTPS_PROXY)
[2023-05-22 01:06:04Z INFO HostContext] Well known directory 'Bin': '/home/saad/git/bytevision/githubactions-runner/bin'
[2023-05-22 01:06:04Z INFO HostContext] Well known directory 'Root': '/home/saad/git/bytevision/githubactions-runner'
[2023-05-22 01:06:04Z INFO HostContext] Well known config file 'Credentials': '/home/saad/git/bytevision/githubactions-runner/.credentials'
[2023-05-22 01:06:04Z INFO HostContext] Well known directory 'Bin': '/home/saad/git/bytevision/githubactions-runner/bin'
[2023-05-22 01:06:04Z INFO HostContext] Well known directory 'Root': '/home/saad/git/bytevision/githubactions-runner'
[2023-05-22 01:06:04Z INFO HostContext] Well known config file 'Runner': '/home/saad/git/bytevision/githubactions-runner/.runner'
[2023-05-22 01:06:04Z INFO Listener] Runner is built for Linux (X64) - linux-x64.
[2023-05-22 01:06:04Z INFO Listener] RuntimeInformation: Linux 5.10.0-9-amd64 #1 SMP Debian 5.10.70-1 (2021-09-30).
[2023-05-22 01:06:04Z INFO Listener] Version: 2.304.0
[2023-05-22 01:06:04Z INFO Listener] Commit: 9ef4121b5b31ee5c03b7770288213d741081f747
[2023-05-22 01:06:04Z INFO Listener] Culture: en-US
[2023-05-22 01:06:04Z INFO Listener] UI Culture: en-US
[2023-05-22 01:06:04Z INFO HostContext] Well known directory 'Bin': '/home/saad/git/bytevision/githubactions-runner/bin'
[2023-05-22 01:06:04Z INFO HostContext] Well known directory 'Root': '/home/saad/git/bytevision/githubactions-runner'
[2023-05-22 01:06:04Z INFO Listener] Validating directory permissions for: '/home/saad/git/bytevision/githubactions-runner'
[2023-05-22 01:06:04Z INFO CommandLineParser] Parse
[2023-05-22 01:06:04Z INFO CommandLineParser] Parsing 1 args
[2023-05-22 01:06:04Z INFO CommandLineParser] parsing argument
[2023-05-22 01:06:04Z INFO CommandLineParser] HasArgs: False
[2023-05-22 01:06:04Z INFO CommandLineParser] Adding Command: run
[2023-05-22 01:06:04Z INFO Listener] Arguments parsed
[2023-05-22 01:06:04Z INFO Runner] ExecuteCommand
[2023-05-22 01:06:04Z INFO ConfigurationStore] currentAssemblyLocation: /home/saad/git/bytevision/githubactions-runner/bin/Runner.Listener.dll
[2023-05-22 01:06:04Z INFO HostContext] Well known directory 'Bin': '/home/saad/git/bytevision/githubactions-runner/bin'
[2023-05-22 01:06:04Z INFO ConfigurationStore] binPath: /home/saad/git/bytevision/githubactions-runner/bin
[2023-05-22 01:06:04Z INFO HostContext] Well known directory 'Bin': '/home/saad/git/bytevision/githubactions-runner/bin'
[2023-05-22 01:06:04Z INFO HostContext] Well known directory 'Root': '/home/saad/git/bytevision/githubactions-runner'
[2023-05-22 01:06:04Z INFO ConfigurationStore] RootFolder: /home/saad/git/bytevision/githubactions-runner
[2023-05-22 01:06:04Z INFO HostContext] Well known directory 'Bin': '/home/saad/git/bytevision/githubactions-runner/bin'
[2023-05-22 01:06:04Z INFO HostContext] Well known directory 'Root': '/home/saad/git/bytevision/githubactions-runner'
[2023-05-22 01:06:04Z INFO HostContext] Well known config file 'Runner': '/home/saad/git/bytevision/githubactions-runner/.runner'
[2023-05-22 01:06:04Z INFO ConfigurationStore] ConfigFilePath: /home/saad/git/bytevision/githubactions-runner/.runner
[2023-05-22 01:06:04Z INFO HostContext] Well known directory 'Bin': '/home/saad/git/bytevision/githubactions-runner/bin'
[2023-05-22 01:06:04Z INFO HostContext] Well known directory 'Root': '/home/saad/git/bytevision/githubactions-runner'
[2023-05-22 01:06:04Z INFO HostContext] Well known config file 'Credentials': '/home/saad/git/bytevision/githubactions-runner/.credentials'
[2023-05-22 01:06:04Z INFO ConfigurationStore] CredFilePath: /home/saad/git/bytevision/githubactions-runner/.credentials
[2023-05-22 01:06:04Z INFO HostContext] Well known directory 'Bin': '/home/saad/git/bytevision/githubactions-runner/bin'
[2023-05-22 01:06:04Z INFO HostContext] Well known directory 'Root': '/home/saad/git/bytevision/githubactions-runner'
[2023-05-22 01:06:04Z INFO HostContext] Well known config file 'MigratedCredentials': '/home/saad/git/bytevision/githubactions-runner/.credentials_migrated'
[2023-05-22 01:06:04Z INFO ConfigurationStore] MigratedCredFilePath: /home/saad/git/bytevision/githubactions-runner/.credentials_migrated
[2023-05-22 01:06:04Z INFO HostContext] Well known directory 'Bin': '/home/saad/git/bytevision/githubactions-runner/bin'
[2023-05-22 01:06:04Z INFO HostContext] Well known directory 'Root': '/home/saad/git/bytevision/githubactions-runner'
[2023-05-22 01:06:04Z INFO HostContext] Well known config file 'Service': '/home/saad/git/bytevision/githubactions-runner/.service'
[2023-05-22 01:06:04Z INFO ConfigurationStore] ServiceConfigFilePath: /home/saad/git/bytevision/githubactions-runner/.service
[2023-05-22 01:06:04Z INFO CommandSettings] Flag 'help': 'False'
[2023-05-22 01:06:04Z INFO CommandSettings] Flag 'version': 'False'
[2023-05-22 01:06:04Z INFO CommandSettings] Flag 'commit': 'False'
[2023-05-22 01:06:04Z INFO CommandSettings] Flag 'check': 'False'
[2023-05-22 01:06:04Z INFO CommandSettings] Command 'configure': 'False'
[2023-05-22 01:06:04Z INFO CommandSettings] Command 'remove': 'False'
[2023-05-22 01:06:04Z INFO CommandSettings] Command 'warmup': 'False'
[2023-05-22 01:06:04Z INFO ConfigurationManager] LoadSettings
[2023-05-22 01:06:04Z INFO ConfigurationStore] IsConfigured()
[2023-05-22 01:06:04Z INFO ConfigurationStore] IsConfigured: True
[2023-05-22 01:06:04Z INFO ConfigurationManager] Is configured: True
[2023-05-22 01:06:04Z INFO ConfigurationStore] Read setting file: 281 chars
[2023-05-22 01:06:04Z INFO ConfigurationManager] Settings Loaded
[2023-05-22 01:06:04Z INFO ConfigurationStore] IsServiceConfigured()
[2023-05-22 01:06:04Z INFO ConfigurationStore] IsServiceConfigured: False
[2023-05-22 01:06:04Z INFO CommandSettings] Command 'run': 'True'
[2023-05-22 01:06:04Z INFO ConfigurationStore] IsConfigured()
[2023-05-22 01:06:04Z INFO ConfigurationStore] IsConfigured: True
[2023-05-22 01:06:04Z INFO ConfigurationManager] Is configured: True
[2023-05-22 01:06:04Z INFO Runner] Could not parse the argument value '' for StartupType. Defaulting to Manual
[2023-05-22 01:06:04Z INFO Runner] Set runner startup type - Manual
[2023-05-22 01:06:04Z INFO CommandSettings] Flag 'once': 'False'
[2023-05-22 01:06:04Z INFO CommandSettings] Flag 'once': 'False'
[2023-05-22 01:06:04Z INFO Runner] RunAsync
[2023-05-22 01:06:04Z INFO ConfigurationManager] LoadSettings
[2023-05-22 01:06:04Z INFO ConfigurationStore] IsConfigured()
[2023-05-22 01:06:04Z INFO ConfigurationStore] IsConfigured: True
[2023-05-22 01:06:04Z INFO ConfigurationManager] Is configured: True
[2023-05-22 01:06:04Z INFO ConfigurationManager] Settings Loaded
[2023-05-22 01:06:04Z INFO MessageListener] {
  "AgentId": 2,
  "AgentName": "gensosekai",
  "PoolId": 1,
  "PoolName": "Default",
  "ServerUrl": "https://pipelines.actions.githubusercontent.com/qVb8z3XvXyehsM4ndlAxQtVmS71JFLCKsjaMrhOAA1wKoy4DVO",
  "GitHubUrl": "https://github.com/conveyervision",
  "WorkFolder": "_work"
}
[2023-05-22 01:06:04Z INFO MessageListener] Loading Credentials
[2023-05-22 01:06:04Z INFO ConfigurationStore] HasCredentials()
[2023-05-22 01:06:04Z INFO ConfigurationStore] stored True
[2023-05-22 01:06:04Z INFO CredentialManager] GetCredentialProvider
[2023-05-22 01:06:04Z INFO CredentialManager] Creating type OAuth
[2023-05-22 01:06:04Z INFO CredentialManager] Creating credential type: OAuth
[2023-05-22 01:06:04Z INFO HostContext] Well known directory 'Bin': '/home/saad/git/bytevision/githubactions-runner/bin'
[2023-05-22 01:06:04Z INFO HostContext] Well known directory 'Root': '/home/saad/git/bytevision/githubactions-runner'
[2023-05-22 01:06:04Z INFO HostContext] Well known config file 'RSACredentials': '/home/saad/git/bytevision/githubactions-runner/.credentials_rsaparams'
[2023-05-22 01:06:04Z INFO RSAFileKeyManager] Loading RSA key parameters from file /home/saad/git/bytevision/githubactions-runner/.credentials_rsaparams
[2023-05-22 01:06:04Z INFO MessageListener] Attempt to create session.
[2023-05-22 01:06:04Z INFO MessageListener] Connecting to the Runner Server...
[2023-05-22 01:06:04Z INFO RunnerServer] EstablishVssConnection
[2023-05-22 01:06:04Z INFO RunnerServer] Establish connection with 100 seconds timeout.
[2023-05-22 01:06:04Z INFO GitHubActionsService] Starting operation Location.GetConnectionData
[2023-05-22 01:06:04Z INFO RunnerServer] EstablishVssConnection
[2023-05-22 01:06:04Z INFO RunnerServer] Establish connection with 60 seconds timeout.
[2023-05-22 01:06:04Z INFO GitHubActionsService] Starting operation Location.GetConnectionData
[2023-05-22 01:06:04Z INFO RunnerServer] EstablishVssConnection
[2023-05-22 01:06:04Z INFO RunnerServer] Establish connection with 60 seconds timeout.
[2023-05-22 01:06:04Z INFO GitHubActionsService] Starting operation Location.GetConnectionData
[2023-05-22 01:06:05Z INFO GitHubActionsService] Finished operation Location.GetConnectionData
[2023-05-22 01:06:05Z INFO GitHubActionsService] Finished operation Location.GetConnectionData
[2023-05-22 01:06:05Z INFO GitHubActionsService] Finished operation Location.GetConnectionData
[2023-05-22 01:06:05Z INFO MessageListener] VssConnection created
[2023-05-22 01:06:05Z INFO Terminal] WRITE LINE: 
[2023-05-22 01:06:05Z INFO Terminal] WRITE LINE: 
[2023-05-22 01:06:05Z INFO RSAFileKeyManager] Loading RSA key parameters from file /home/saad/git/bytevision/githubactions-runner/.credentials_rsaparams
[2023-05-22 01:06:05Z INFO RSAFileKeyManager] Loading RSA key parameters from file /home/saad/git/bytevision/githubactions-runner/.credentials_rsaparams
[2023-05-22 01:06:05Z INFO GitHubActionsService] AAD Correlation ID for this token request: Unknown
[2023-05-22 01:06:05Z INFO MessageListener] Session created.
[2023-05-22 01:06:05Z INFO Terminal] WRITE LINE: Current runner version: '2.304.0'
[2023-05-22 01:06:05Z INFO Terminal] WRITE LINE: 2023-05-22 01:06:05Z: Listening for Jobs
[2023-05-22 01:06:05Z INFO JobDispatcher] Set runner/worker IPC timeout to 30 seconds.
[2023-05-22 01:14:14Z INFO RSAFileKeyManager] Loading RSA key parameters from file /home/saad/git/bytevision/githubactions-runner/.credentials_rsaparams
[2023-05-22 01:14:14Z INFO MessageListener] Message '1' received from session '1d8588c8-7a33-4338-8bc8-8f079ba89ebf'.
[2023-05-22 01:14:14Z INFO Runner] Received job message of length 23291 from service, with hash 'abda2a933b06dee386037eca4b7488ca4c5cb1e5cdce618a1cd92f8109f08f49'
[2023-05-22 01:14:14Z INFO JobDispatcher] Job request 1 for plan 4f6ff4bc-75b2-48a2-984b-2054bf2a6aa9 job cc9a95ae-b53c-5dc6-d946-f5dd67afb660 received.
[2023-05-22 01:14:14Z INFO JobDispatcher] Pull OrchestrationId 4f6ff4bc-75b2-48a2-984b-2054bf2a6aa9.build-and-push.__default from JWT claims
[2023-05-22 01:14:14Z INFO Terminal] WRITE LINE: 2023-05-22 01:14:14Z: Running job: build-and-push
[2023-05-22 01:14:14Z INFO JobDispatcher] Start renew job request 1 for job cc9a95ae-b53c-5dc6-d946-f5dd67afb660.
[2023-05-22 01:14:14Z INFO JobDispatcher] Successfully renew job request 1, job is valid till 5/22/2023 1:24:14 AM
[2023-05-22 01:14:14Z INFO HostContext] Well known directory 'Bin': '/home/saad/git/bytevision/githubactions-runner/bin'
[2023-05-22 01:14:14Z INFO ProcessInvokerWrapper] Starting process:
[2023-05-22 01:14:14Z INFO ProcessInvokerWrapper]   File name: '/home/saad/git/bytevision/githubactions-runner/bin/Runner.Worker'
[2023-05-22 01:14:14Z INFO ProcessInvokerWrapper]   Arguments: 'spawnclient 109 112'
[2023-05-22 01:14:14Z INFO ProcessInvokerWrapper]   Working directory: '/home/saad/git/bytevision/githubactions-runner/bin'
[2023-05-22 01:14:14Z INFO ProcessInvokerWrapper]   Require exit code zero: 'False'
[2023-05-22 01:14:14Z INFO ProcessInvokerWrapper]   Encoding web name:  ; code page: ''
[2023-05-22 01:14:14Z INFO ProcessInvokerWrapper]   Force kill process on cancellation: 'True'
[2023-05-22 01:14:14Z INFO ProcessInvokerWrapper]   Redirected STDIN: 'False'
[2023-05-22 01:14:14Z INFO ProcessInvokerWrapper]   Persist current code page: 'False'
[2023-05-22 01:14:14Z INFO ProcessInvokerWrapper]   Keep redirected STDIN open: 'False'
[2023-05-22 01:14:14Z INFO ProcessInvokerWrapper]   High priority process: 'True'
[2023-05-22 01:14:14Z INFO ProcessInvokerWrapper] Process started with process id 121653, waiting for process exit.
[2023-05-22 01:14:14Z INFO JobDispatcher] Send job request message to worker for job cc9a95ae-b53c-5dc6-d946-f5dd67afb660.
[2023-05-22 01:14:14Z INFO ProcessChannel] Sending message of length 23291, with hash 'abda2a933b06dee386037eca4b7488ca4c5cb1e5cdce618a1cd92f8109f08f49'
[2023-05-22 01:14:14Z INFO JobNotification] Entering JobStarted Notification
[2023-05-22 01:14:14Z INFO JobNotification] Entering StartMonitor
[2023-05-22 01:14:24Z INFO ProcessInvokerWrapper] STDOUT/STDERR stream read finished.
[2023-05-22 01:14:24Z INFO ProcessInvokerWrapper] STDOUT/STDERR stream read finished.
[2023-05-22 01:14:24Z INFO ProcessInvokerWrapper] Finished process 121653 with exit code 102, and elapsed time 00:00:09.2490081.
[2023-05-22 01:14:24Z INFO JobDispatcher] Worker finished for job cc9a95ae-b53c-5dc6-d946-f5dd67afb660. Code: 102
[2023-05-22 01:14:24Z INFO JobDispatcher] finish job request for job cc9a95ae-b53c-5dc6-d946-f5dd67afb660 with result: Failed
[2023-05-22 01:14:24Z INFO Terminal] WRITE LINE: 2023-05-22 01:14:24Z: Job build-and-push completed with result: Failed
[2023-05-22 01:14:24Z INFO JobDispatcher] Stop renew job request for job cc9a95ae-b53c-5dc6-d946-f5dd67afb660.
[2023-05-22 01:14:24Z INFO JobDispatcher] job renew has been cancelled, stop renew job request 1.
[2023-05-22 01:14:24Z INFO JobNotification] Entering JobCompleted Notification
[2023-05-22 01:14:24Z INFO JobNotification] Entering EndMonitor
[2023-05-22 01:16:46Z INFO RSAFileKeyManager] Loading RSA key parameters from file /home/saad/git/bytevision/githubactions-runner/.credentials_rsaparams
[2023-05-22 01:16:46Z INFO MessageListener] Message '2' received from session '1d8588c8-7a33-4338-8bc8-8f079ba89ebf'.
[2023-05-22 01:16:46Z INFO Runner] Received job message of length 23663 from service, with hash '9013edccbf6f101d02ddbe44f4b1ea294993d97016328b3eacac07325a8ec5c9'
[2023-05-22 01:16:46Z INFO JobDispatcher] Job request 2 for plan fdc9ca68-1141-4c85-996e-dc88d4ab98b9 job cc9a95ae-b53c-5dc6-d946-f5dd67afb660 received.
[2023-05-22 01:16:46Z INFO JobDispatcher] Pull OrchestrationId fdc9ca68-1141-4c85-996e-dc88d4ab98b9.build-and-push.__default from JWT claims
[2023-05-22 01:16:46Z INFO JobDispatcher] Job request cc9a95ae-b53c-5dc6-d946-f5dd67afb660 processed succeed.
[2023-05-22 01:16:46Z INFO Terminal] WRITE LINE: 2023-05-22 01:16:46Z: Running job: build-and-push
[2023-05-22 01:16:46Z INFO JobDispatcher] Start renew job request 2 for job cc9a95ae-b53c-5dc6-d946-f5dd67afb660.
[2023-05-22 01:16:47Z INFO JobDispatcher] Successfully renew job request 2, job is valid till 5/22/2023 1:26:47 AM
[2023-05-22 01:16:47Z INFO HostContext] Well known directory 'Bin': '/home/saad/git/bytevision/githubactions-runner/bin'
[2023-05-22 01:16:47Z INFO ProcessInvokerWrapper] Starting process:
[2023-05-22 01:16:47Z INFO ProcessInvokerWrapper]   File name: '/home/saad/git/bytevision/githubactions-runner/bin/Runner.Worker'
[2023-05-22 01:16:47Z INFO ProcessInvokerWrapper]   Arguments: 'spawnclient 109 112'
[2023-05-22 01:16:47Z INFO ProcessInvokerWrapper]   Working directory: '/home/saad/git/bytevision/githubactions-runner/bin'
[2023-05-22 01:16:47Z INFO ProcessInvokerWrapper]   Require exit code zero: 'False'
[2023-05-22 01:16:47Z INFO ProcessInvokerWrapper]   Encoding web name:  ; code page: ''
[2023-05-22 01:16:47Z INFO ProcessInvokerWrapper]   Force kill process on cancellation: 'True'
[2023-05-22 01:16:47Z INFO ProcessInvokerWrapper]   Redirected STDIN: 'False'
[2023-05-22 01:16:47Z INFO ProcessInvokerWrapper]   Persist current code page: 'False'
[2023-05-22 01:16:47Z INFO ProcessInvokerWrapper]   Keep redirected STDIN open: 'False'
[2023-05-22 01:16:47Z INFO ProcessInvokerWrapper]   High priority process: 'True'
[2023-05-22 01:16:47Z INFO ProcessInvokerWrapper] Process started with process id 123652, waiting for process exit.
[2023-05-22 01:16:47Z INFO JobDispatcher] Send job request message to worker for job cc9a95ae-b53c-5dc6-d946-f5dd67afb660.
[2023-05-22 01:16:47Z INFO ProcessChannel] Sending message of length 23663, with hash '9013edccbf6f101d02ddbe44f4b1ea294993d97016328b3eacac07325a8ec5c9'
[2023-05-22 01:16:47Z INFO JobNotification] Entering JobStarted Notification
[2023-05-22 01:16:47Z INFO JobNotification] Entering StartMonitor
[2023-05-22 01:17:09Z INFO ProcessInvokerWrapper] STDOUT/STDERR stream read finished.
[2023-05-22 01:17:09Z INFO ProcessInvokerWrapper] STDOUT/STDERR stream read finished.
[2023-05-22 01:17:09Z INFO ProcessInvokerWrapper] Finished process 123652 with exit code 102, and elapsed time 00:00:22.4682368.
[2023-05-22 01:17:09Z INFO JobDispatcher] Worker finished for job cc9a95ae-b53c-5dc6-d946-f5dd67afb660. Code: 102
[2023-05-22 01:17:09Z INFO JobDispatcher] finish job request for job cc9a95ae-b53c-5dc6-d946-f5dd67afb660 with result: Failed
[2023-05-22 01:17:09Z INFO Terminal] WRITE LINE: 2023-05-22 01:17:09Z: Job build-and-push completed with result: Failed
[2023-05-22 01:17:09Z INFO JobDispatcher] Stop renew job request for job cc9a95ae-b53c-5dc6-d946-f5dd67afb660.
[2023-05-22 01:17:09Z INFO JobDispatcher] job renew has been cancelled, stop renew job request 2.
[2023-05-22 01:17:09Z INFO JobNotification] Entering JobCompleted Notification
[2023-05-22 01:17:09Z INFO JobNotification] Entering EndMonitor
[2023-05-22 01:20:59Z INFO RSAFileKeyManager] Loading RSA key parameters from file /home/saad/git/bytevision/githubactions-runner/.credentials_rsaparams
[2023-05-22 01:20:59Z INFO MessageListener] Message '3' received from session '1d8588c8-7a33-4338-8bc8-8f079ba89ebf'.
[2023-05-22 01:20:59Z INFO Runner] Received job message of length 23672 from service, with hash 'b72690c515abbb5aa372f0e511c70be31ad62038a3d4c27d22a255e790badc95'
[2023-05-22 01:20:59Z INFO JobDispatcher] Job request 3 for plan b9347e90-1d3e-47dd-8453-d943c2c7506b job cc9a95ae-b53c-5dc6-d946-f5dd67afb660 received.
[2023-05-22 01:20:59Z INFO JobDispatcher] Pull OrchestrationId b9347e90-1d3e-47dd-8453-d943c2c7506b.build-and-push.__default from JWT claims
[2023-05-22 01:20:59Z INFO JobDispatcher] Job request cc9a95ae-b53c-5dc6-d946-f5dd67afb660 processed succeed.
[2023-05-22 01:20:59Z INFO Terminal] WRITE LINE: 2023-05-22 01:20:59Z: Running job: build-and-push
[2023-05-22 01:20:59Z INFO JobDispatcher] Start renew job request 3 for job cc9a95ae-b53c-5dc6-d946-f5dd67afb660.
[2023-05-22 01:20:59Z INFO JobDispatcher] Successfully renew job request 3, job is valid till 5/22/2023 1:30:59 AM
[2023-05-22 01:20:59Z INFO HostContext] Well known directory 'Bin': '/home/saad/git/bytevision/githubactions-runner/bin'
[2023-05-22 01:20:59Z INFO ProcessInvokerWrapper] Starting process:
[2023-05-22 01:20:59Z INFO ProcessInvokerWrapper]   File name: '/home/saad/git/bytevision/githubactions-runner/bin/Runner.Worker'
[2023-05-22 01:20:59Z INFO ProcessInvokerWrapper]   Arguments: 'spawnclient 109 112'
[2023-05-22 01:20:59Z INFO ProcessInvokerWrapper]   Working directory: '/home/saad/git/bytevision/githubactions-runner/bin'
[2023-05-22 01:20:59Z INFO ProcessInvokerWrapper]   Require exit code zero: 'False'
[2023-05-22 01:20:59Z INFO ProcessInvokerWrapper]   Encoding web name:  ; code page: ''
[2023-05-22 01:20:59Z INFO ProcessInvokerWrapper]   Force kill process on cancellation: 'True'
[2023-05-22 01:20:59Z INFO ProcessInvokerWrapper]   Redirected STDIN: 'False'
[2023-05-22 01:20:59Z INFO ProcessInvokerWrapper]   Persist current code page: 'False'
[2023-05-22 01:20:59Z INFO ProcessInvokerWrapper]   Keep redirected STDIN open: 'False'
[2023-05-22 01:20:59Z INFO ProcessInvokerWrapper]   High priority process: 'True'
[2023-05-22 01:20:59Z INFO ProcessInvokerWrapper] Process started with process id 128273, waiting for process exit.
[2023-05-22 01:20:59Z INFO JobDispatcher] Send job request message to worker for job cc9a95ae-b53c-5dc6-d946-f5dd67afb660.
[2023-05-22 01:20:59Z INFO ProcessChannel] Sending message of length 23672, with hash 'b72690c515abbb5aa372f0e511c70be31ad62038a3d4c27d22a255e790badc95'
[2023-05-22 01:20:59Z INFO JobNotification] Entering JobStarted Notification
[2023-05-22 01:20:59Z INFO JobNotification] Entering StartMonitor
[2023-05-22 01:21:59Z INFO JobDispatcher] Successfully renew job request 3, job is valid till 5/22/2023 1:31:59 AM
[2023-05-22 01:22:00Z INFO ProcessInvokerWrapper] STDOUT/STDERR stream read finished.
[2023-05-22 01:22:00Z INFO ProcessInvokerWrapper] STDOUT/STDERR stream read finished.
[2023-05-22 01:22:00Z INFO ProcessInvokerWrapper] Finished process 128273 with exit code 100, and elapsed time 00:01:00.5057158.
[2023-05-22 01:22:00Z INFO JobDispatcher] Worker finished for job cc9a95ae-b53c-5dc6-d946-f5dd67afb660. Code: 100
[2023-05-22 01:22:00Z INFO JobDispatcher] finish job request for job cc9a95ae-b53c-5dc6-d946-f5dd67afb660 with result: Succeeded
[2023-05-22 01:22:00Z INFO Terminal] WRITE LINE: 2023-05-22 01:22:00Z: Job build-and-push completed with result: Succeeded
[2023-05-22 01:22:00Z INFO JobDispatcher] Stop renew job request for job cc9a95ae-b53c-5dc6-d946-f5dd67afb660.
[2023-05-22 01:22:00Z INFO JobDispatcher] job renew has been cancelled, stop renew job request 3.
[2023-05-22 01:22:00Z INFO JobNotification] Entering JobCompleted Notification
[2023-05-22 01:22:00Z INFO JobNotification] Entering EndMonitor
